<?xml version="1.0" encoding="UTF-8"?>
<!-- Generated by org.testng.reporters.JUnitReportReporter -->
<testsuite hostname="Murugan" name="MavenTestDemo.mavetest.MavenTest" tests="1" failures="0" timestamp="22 Mar 2022 02:52:40 GMT" time="12.428" errors="0">
  <testcase name="keyBoardAction" time="12.428" classname="MavenTestDemo.mavetest.MavenTest"/>
</testsuite> <!-- MavenTestDemo.mavetest.MavenTest -->
