<?xml version="1.0" encoding="UTF-8"?>
<!-- Generated by org.testng.reporters.JUnitReportReporter -->
<testsuite hostname="Murugan" name="MavenTestDemo.mavetest.MavenTest" tests="1" failures="0" timestamp="22 Mar 2022 03:21:59 GMT" time="19.814" errors="0">
  <testcase name="keyBoardAction" time="19.814" classname="MavenTestDemo.mavetest.MavenTest"/>
</testsuite> <!-- MavenTestDemo.mavetest.MavenTest -->
